
No compatibility mode selected!


Circuit: 

Scale set to 1e-06
Doing analysis at TEMP = 27.000000 and TNOM = 27.000000

Warning: vla: no DC value, transient time 0 value used
Warning: vrst: no DC value, transient time 0 value used
Warning: vclk: no DC value, transient time 0 value used
Warning: va8: no DC value, transient time 0 value used
Warning: va0: no DC value, transient time 0 value used

Initial Transient Solution
--------------------------

Node                                   Voltage
----                                   -------
a0                                           0
b0                                         1.8
v2                                         1.8
cin                                          0
sum0                                       1.8
co0                                3.27373e-07
a1                                         1.8
b1                                         1.8
sum1                               3.27373e-07
co1                                        1.8
a2                                         1.8
b2                                         1.8
sum2                                       1.8
co2                                        1.8
a3                                         1.8
b3                                         1.8
sum3                                       1.8
co3                                        1.8
a4                                         1.8
b4                                         1.8
sum4                                       1.8
co4                                        1.8
a5                                         1.8
b5                                         1.8
sum5                                       1.8
co5                                        1.8
a6                                         1.8
b6                                         1.8
sum6                                       1.8
co6                                        1.8
a7                                         1.8
b7                                         1.8
sum7                                       1.8
co7                                        1.8
q7                                 3.27373e-07
reset_b                                      0
clk                                          0
q6                                 3.27373e-07
q5                                 3.27373e-07
q4                                 3.27373e-07
q3                                 3.27373e-07
q2                                 3.27373e-07
q1                                 3.27373e-07
q0                                 3.27373e-07
a8                                           0
b8                                           0
v1                                         1.8
sum8                                       1.8
co8                                3.27373e-07
a9                                           0
b9                                           0
sum9                               3.27374e-07
co9                                3.27373e-07
a10                                          0
b10                                          0
sum10                              3.27374e-07
co10                               3.27373e-07
a11                                          0
b11                                          0
sum11                              3.27374e-07
co11                               3.27373e-07
a12                                          0
b12                                          0
sum12                              3.27374e-07
co12                               3.27373e-07
a13                                          0
b13                                          0
sum13                              3.27374e-07
co13                               3.27373e-07
a14                                          0
b14                                          0
sum14                              3.27374e-07
co14                               3.27373e-07
a15                                          0
b15                                          0
sum15                              3.27374e-07
cout                               3.27373e-07
q15                                3.27373e-07
clk_h                               7.3422e-07
q14                                3.27373e-07
q13                                3.27373e-07
q12                                3.27373e-07
q11                                3.27373e-07
q10                                3.27373e-07
q9                                 3.27373e-07
q8                                 3.27373e-07
long_add                                     0
vdd                                        1.8
vcin#branch                                  0
vdd#branch                        -3.94065e-10
v2#branch                          -7.9572e-09
v1#branch                         -1.54719e-08
vla#branch                                   0
vrst#branch                                  0
vclk#branch                                  0
va15#branch                                  0
va14#branch                                  0
va13#branch                                  0
va12#branch                                  0
va11#branch                                  0
va10#branch                                  0
va9#branch                                   0
va8#branch                                   0
vb15#branch                                  0
vb14#branch                                  0
vb13#branch                                  0
vb12#branch                                  0
vb11#branch                                  0
vb10#branch                                  0
vb9#branch                                   0
vb8#branch                                   0
vb7#branch                                   0
vb6#branch                                   0
vb5#branch                                   0
vb4#branch                                   0
vb3#branch                                   0
vb2#branch                                   0
vb1#branch                                   0
vb0#branch                                   0
va7#branch                                   0
va6#branch                                   0
va5#branch                                   0
va4#branch                                   0
va3#branch                                   0
va2#branch                                   0
va1#branch                                   0
va0#branch                                   0


No. of Data Rows : 4997
binary raw file "adder_clk_gating.raw"
Doing analysis at TEMP = 27.000000 and TNOM = 27.000000

Warning: vla: no DC value, transient time 0 value used
Warning: vrst: no DC value, transient time 0 value used
Warning: vclk: no DC value, transient time 0 value used
Warning: va8: no DC value, transient time 0 value used
Warning: va0: no DC value, transient time 0 value used
No. of Data Columns : 60  

Initial Transient Solution
--------------------------

Node                                   Voltage
----                                   -------
a0                                           0
b0                                         1.8
v2                                         1.8
cin                                          0
sum0                                  0.894542
co0                                    1.01782
a1                                         1.8
b1                                         1.8
sum1                                  0.877556
co1                                     1.0101
a2                                         1.8
b2                                         1.8
sum2                                  0.877649
co2                                    1.01015
a3                                         1.8
b3                                         1.8
sum3                                  0.877649
co3                                    1.01015
a4                                         1.8
b4                                         1.8
sum4                                  0.877649
co4                                    1.01015
a5                                         1.8
b5                                         1.8
sum5                                  0.877649
co5                                    1.01015
a6                                         1.8
b6                                         1.8
sum6                                  0.877649
co6                                    1.00985
a7                                         1.8
b7                                         1.8
sum7                                  0.877665
co7                                   0.934262
q7                                    0.748903
reset_b                                      0
clk                                          0
q6                                    0.748903
q5                                    0.748903
q4                                    0.748903
q3                                    0.748903
q2                                    0.748903
q1                                    0.748903
q0                                    0.748903
a8                                           0
b8                                           0
v1                                         1.8
sum8                                  0.878204
co8                                   0.943352
a9                                           0
b9                                           0
sum9                                  0.878082
co9                                   0.943324
a10                                          0
b10                                          0
sum10                                 0.878082
co10                                  0.943324
a11                                          0
b11                                          0
sum11                                 0.878082
co11                                  0.943324
a12                                          0
b12                                          0
sum12                                 0.878082
co12                                  0.943324
a13                                          0
b13                                          0
sum13                                 0.878082
co13                                  0.943321
a14                                          0
b14                                          0
sum14                                 0.878083
co14                                  0.942604
a15                                          0
b15                                          0
sum15                                 0.878178
cout                                   0.76211
q15                                   0.748698
clk_h                                   1.3889
q14                                   0.748698
q13                                   0.748698
q12                                   0.748698
q11                                   0.748698
q10                                   0.748698
q9                                    0.748698
q8                                    0.748698
long_add                                     0
vdd                                        1.8
vcin#branch                          0.0009444
vdd#branch                         -0.00109597
v2#branch                           -0.0587274
v1#branch                           -0.0705767
vla#branch                         0.000311611
vrst#branch                          0.0104581
vclk#branch                         0.00560824
va15#branch                         0.00126336
va14#branch                         0.00126355
va13#branch                         0.00126355
va12#branch                         0.00126355
va11#branch                         0.00126355
va10#branch                         0.00126355
va9#branch                          0.00126355
va8#branch                          0.00126339
vb15#branch                         0.00114561
vb14#branch                         0.00114746
vb13#branch                         0.00114747
vb12#branch                         0.00114747
vb11#branch                         0.00114747
vb10#branch                         0.00114747
vb9#branch                          0.00114747
vb8#branch                            0.001147
vb7#branch                        -0.000975187
vb6#branch                        -0.000974786
vb5#branch                        -0.000974784
vb4#branch                        -0.000974784
vb3#branch                        -0.000974784
vb2#branch                        -0.000974786
vb1#branch                        -0.000974502
vb0#branch                         -0.00100926
va7#branch                         -0.00119834
va6#branch                         -0.00119824
va5#branch                         -0.00119824
va4#branch                         -0.00119824
va3#branch                         -0.00119824
va2#branch                         -0.00119824
va1#branch                         -0.00119814
va0#branch                          0.00133867


No. of Data Rows : 4997

Total analysis time (seconds) = 77.0519

Total CPU time (seconds) = 746.639 

Total DRAM available = 1986.613 MB.
DRAM currently available =  500.852 MB.
Maximum ngspice program size =  770.500 MB.
Current ngspice program size =  748.004 MB.

Shared ngspice pages =    2.750 MB.
Text (code) pages =    4.895 MB.
Stack = 0 bytes.
Library pages =  745.539 MB.

