
No compatibility mode selected!


Circuit: 

Scale set to 1e-06
Doing analysis at TEMP = 27.000000 and TNOM = 27.000000

Warning: vpg: no DC value, transient time 0 value used
Warning: vla: no DC value, transient time 0 value used
Warning: vrst: no DC value, transient time 0 value used
Warning: vclk: no DC value, transient time 0 value used
Warning: va8: no DC value, transient time 0 value used
Warning: va0: no DC value, transient time 0 value used

Initial Transient Solution
--------------------------

Node                                   Voltage
----                                   -------
vss                                       -0.2
a0                                           0
b0                                         1.8
v2                                         1.8
cin                                          0
sum0                                       1.8
co0                                       -0.2
a1                                         1.8
b1                                         1.8
sum1                                      -0.2
co1                                        1.8
a2                                         1.8
b2                                         1.8
sum2                                       1.8
co2                                        1.8
a3                                         1.8
b3                                         1.8
sum3                                       1.8
co3                                        1.8
a4                                         1.8
b4                                         1.8
sum4                                       1.8
co4                                        1.8
a5                                         1.8
b5                                         1.8
sum5                                       1.8
co5                                        1.8
a6                                         1.8
b6                                         1.8
sum6                                       1.8
co6                                        1.8
a7                                         1.8
b7                                         1.8
sum7                                       1.8
co7                                        1.8
q7                                        -0.2
reset_b                                      0
clk                                          0
q6                                        -0.2
q5                                        -0.2
q4                                        -0.2
q3                                        -0.2
q2                                        -0.2
q1                                        -0.2
q0                                        -0.2
gnd_h                                  1.62663
a8                                           0
b8                                           0
v1                                         1.8
sum8                                   1.78037
co8                                    1.77204
a9                                           0
b9                                           0
sum9                                   1.77744
co9                                    1.77204
a10                                          0
b10                                          0
sum10                                  1.77744
co10                                   1.77204
a11                                          0
b11                                          0
sum11                                  1.77744
co11                                   1.77204
a12                                          0
b12                                          0
sum12                                  1.77744
co12                                   1.77204
a13                                          0
b13                                          0
sum13                                  1.77744
co13                                   1.77204
a14                                          0
b14                                          0
sum14                                  1.77744
co14                                   1.77204
a15                                          0
b15                                          0
sum15                                  1.77744
cout                                   1.77204
q15                                       -0.2
clk_h                               7.3422e-07
q14                                       -0.2
q13                                       -0.2
q12                                       -0.2
q11                                       -0.2
q10                                       -0.2
q9                                        -0.2
q8                                        -0.2
long_add                                     0
vdd                                        1.8
pg                                           0
vcin#branch                                  0
vss#branch                         2.11783e-08
vdd#branch                        -3.94065e-10
v2#branch                         -1.17904e-08
v1#branch                         -9.38771e-09
vpg#branch                                   0
vla#branch                                   0
vrst#branch                                  0
vclk#branch                                  0
va15#branch                                  0
va14#branch                                  0
va13#branch                                  0
va12#branch                                  0
va11#branch                                  0
va10#branch                                  0
va9#branch                                   0
va8#branch                                   0
vb15#branch                                  0
vb14#branch                                  0
vb13#branch                                  0
vb12#branch                                  0
vb11#branch                                  0
vb10#branch                                  0
vb9#branch                                   0
vb8#branch                                   0
vb7#branch                                   0
vb6#branch                                   0
vb5#branch                                   0
vb4#branch                                   0
vb3#branch                                   0
vb2#branch                                   0
vb1#branch                                   0
vb0#branch                                   0
va7#branch                                   0
va6#branch                                   0
va5#branch                                   0
va4#branch                                   0
va3#branch                                   0
va2#branch                                   0
va1#branch                                   0
va0#branch                                   0


No. of Data Rows : 4943
binary raw file "adder_power_gating_sr.raw"
Doing analysis at TEMP = 27.000000 and TNOM = 27.000000

Warning: vpg: no DC value, transient time 0 value used
Warning: vla: no DC value, transient time 0 value used
Warning: vrst: no DC value, transient time 0 value used
Warning: vclk: no DC value, transient time 0 value used
Warning: va8: no DC value, transient time 0 value used
Warning: va0: no DC value, transient time 0 value used
No. of Data Columns : 78  

Initial Transient Solution
--------------------------

Node                                   Voltage
----                                   -------
vss                                       -0.2
a0                                           0
b0                                         1.8
v2                                         1.8
cin                                          0
sum0                                  0.733441
co0                                   0.884548
a1                                         1.8
b1                                         1.8
sum1                                  0.721672
co1                                   0.879801
a2                                         1.8
b2                                         1.8
sum2                                  0.721715
co2                                   0.879828
a3                                         1.8
b3                                         1.8
sum3                                  0.721715
co3                                   0.879828
a4                                         1.8
b4                                         1.8
sum4                                  0.721715
co4                                   0.879828
a5                                         1.8
b5                                         1.8
sum5                                  0.721715
co5                                   0.879833
a6                                         1.8
b6                                         1.8
sum6                                  0.721715
co6                                   0.881345
a7                                         1.8
b7                                         1.8
sum7                                  0.721754
co7                                    1.30522
q7                                    0.488791
reset_b                                      0
clk                                          0
q6                                    0.488791
q5                                    0.488791
q4                                    0.488791
q3                                    0.488791
q2                                    0.488791
q1                                    0.488791
q0                                    0.488792
gnd_h                                  1.18319
a8                                           0
b8                                           0
v1                                         1.8
sum8                                   1.17685
co8                                    1.55622
a9                                           0
b9                                           0
sum9                                   1.18401
co9                                    1.55836
a10                                          0
b10                                          0
sum10                                  1.18406
co10                                   1.55838
a11                                          0
b11                                          0
sum11                                  1.18406
co11                                   1.55838
a12                                          0
b12                                          0
sum12                                  1.18406
co12                                   1.55838
a13                                          0
b13                                          0
sum13                                  1.18406
co13                                   1.55838
a14                                          0
b14                                          0
sum14                                  1.18406
co14                                   1.55868
a15                                          0
b15                                          0
sum15                                  1.18414
cout                                   1.60409
q15                                    0.48884
clk_h                                  1.29367
q14                                    0.48884
q13                                    0.48884
q12                                    0.48884
q11                                    0.48884
q10                                    0.48884
q9                                     0.48884
q8                                     0.48884
long_add                                     0
vdd                                        1.8
pg                                           0
vcin#branch                        0.000861018
vss#branch                            0.100272
vdd#branch                          -0.0011032
v2#branch                           -0.0616853
v1#branch                           -0.0675567
vpg#branch                         -0.00114814
vla#branch                         0.000311445
vrst#branch                         0.00958944
vclk#branch                         0.00540821
va15#branch                         0.00205599
va14#branch                         0.00205593
va13#branch                         0.00205593
va12#branch                         0.00205593
va11#branch                         0.00205593
va10#branch                         0.00205593
va9#branch                          0.00205587
va8#branch                          0.00205021
vb15#branch                         0.00195449
vb14#branch                          0.0019538
vb13#branch                         0.00195379
vb12#branch                         0.00195379
vb11#branch                         0.00195379
vb10#branch                         0.00195379
vb9#branch                          0.00195366
vb8#branch                          0.00193792
vb7#branch                         -0.00113331
vb6#branch                         -0.00113551
vb5#branch                         -0.00113552
vb4#branch                         -0.00113552
vb3#branch                         -0.00113552
vb2#branch                         -0.00113552
vb1#branch                         -0.00113534
vb0#branch                         -0.00113279
va7#branch                         -0.00137993
va6#branch                         -0.00138054
va5#branch                         -0.00138055
va4#branch                         -0.00138055
va3#branch                         -0.00138055
va2#branch                         -0.00138055
va1#branch                         -0.00138048
va0#branch                            0.001239


No. of Data Rows : 4943

Total analysis time (seconds) = 74.5442

Total CPU time (seconds) = 672.072 

Total DRAM available = 1986.613 MB.
DRAM currently available =   93.152 MB.
Maximum ngspice program size =  770.332 MB.
Current ngspice program size =  754.137 MB.

Shared ngspice pages =    9.062 MB.
Text (code) pages =    4.895 MB.
Stack = 0 bytes.
Library pages =  745.371 MB.

